apks/PCommon-V1.0.53/logs/manifest-merger-debug-report.txt
-- Merging decision tree log ---
application
INJECTED from src/main/AndroidManifest.xml:19:5-44:19
INJECTED from src/main/AndroidManifest.xml:19:5-44:19
MERGED from [:module_test] AndroidManifest.xml:11:5-21:19
MERGED from [:module_test] AndroidManifest.xml:11:5-21:19
MERGED from [com.squareup.leakcanary:leakcanary-android:2.2] AndroidManifest.xml:22:5-26:19
MERGED from [com.squareup.leakcanary:leakcanary-android:2.2] AndroidManifest.xml:22:5-26:19
MERGED from [com.squareup.leakcanary:leakcanary-android-core:2.2] AndroidManifest.xml:28:5-73:19
MERGED from [com.squareup.leakcanary:leakcanary-android-core:2.2] AndroidManifest.xml:28:5-73:19
MERGED from [com.squareup.leakcanary:leakcanary-object-watcher-android:2.2] AndroidManifest.xml:7:5-12:19
MERGED from [com.squareup.leakcanary:leakcanary-object-watcher-android:2.2] AndroidManifest.xml:7:5-12:19
MERGED from [com.github.bumptech.glide:okhttp3-integration:4.11.0] AndroidManifest.xml:10:5-14:19
MERGED from [com.github.bumptech.glide:okhttp3-integration:4.11.0] AndroidManifest.xml:10:5-14:19
MERGED from [me.jessyan:autosize:1.2.0] AndroidManifest.xml:11:5-17:19
MERGED from [me.jessyan:autosize:1.2.0] AndroidManifest.xml:11:5-17:19
MERGED from [com.google.android.material:material:1.2.1] AndroidManifest.xml:22:5-20
MERGED from [com.google.android.material:material:1.2.1] AndroidManifest.xml:22:5-20
MERGED from [androidx.lifecycle:lifecycle-extensions:2.2.0] AndroidManifest.xml:24:5-25:19
MERGED from [androidx.lifecycle:lifecycle-extensions:2.2.0] AndroidManifest.xml:24:5-25:19
MERGED from [androidx.constraintlayout:constraintlayout:2.0.4] AndroidManifest.xml:9:5-20
MERGED from [androidx.constraintlayout:constraintlayout:2.0.4] AndroidManifest.xml:9:5-20
MERGED from [com.github.bumptech.glide:glide:4.11.0] AndroidManifest.xml:10:5-20
MERGED from [com.github.bumptech.glide:glide:4.11.0] AndroidManifest.xml:10:5-20
MERGED from [androidx.core:core:1.3.2] AndroidManifest.xml:24:5-89
MERGED from [androidx.core:core:1.3.2] AndroidManifest.xml:24:5-89
MERGED from [androidx.lifecycle:lifecycle-process:2.2.0] AndroidManifest.xml:24:5-30:19
MERGED from [androidx.lifecycle:lifecycle-process:2.2.0] AndroidManifest.xml:24:5-30:19
MERGED from [androidx.versionedparcelable:versionedparcelable:1.1.0] AndroidManifest.xml:24:5-25:19
MERGED from [androidx.versionedparcelable:versionedparcelable:1.1.0] AndroidManifest.xml:24:5-25:19
MERGED from [com.blankj:utilcode:1.24.7] AndroidManifest.xml:9:5-33:19
MERGED from [com.blankj:utilcode:1.24.7] AndroidManifest.xml:9:5-33:19
MERGED from [com.github.bumptech.glide:gifdecoder:4.11.0] AndroidManifest.xml:9:5-20
MERGED from [com.github.bumptech.glide:gifdecoder:4.11.0] AndroidManifest.xml:9:5-20
	android:appComponentFactory
		ADDED from [androidx.core:core:1.3.2] AndroidManifest.xml:24:18-86
	android:supportsRtl
		ADDED from src/main/AndroidManifest.xml:25:9-35
	android:label
		INJECTED from src/main/AndroidManifest.xml
		ADDED from src/main/AndroidManifest.xml:23:9-36
	android:hardwareAccelerated
		ADDED from src/main/AndroidManifest.xml:26:9-43
	tools:ignore
		ADDED from src/main/AndroidManifest.xml:30:9-48
	android:largeHeap
		ADDED from src/main/AndroidManifest.xml:27:9-33
	android:allowBackup
		ADDED from src/main/AndroidManifest.xml:22:9-35
	android:icon
		INJECTED from src/main/AndroidManifest.xml
		ADDED from src/main/AndroidManifest.xml:24:9-31
	android:theme
		ADDED from src/main/AndroidManifest.xml:28:9-40
	android:networkSecurityConfig
		ADDED from src/main/AndroidManifest.xml:20:9-69
	tools:replace
		ADDED from src/main/AndroidManifest.xml:29:9-38
	android:name
		ADDED from src/main/AndroidManifest.xml:21:9-62
provider#androidx.core.content.FileProvider
INJECTED from src/main/AndroidManifest.xml:33:9-41:20
	android:grantUriPermissions
		ADDED from src/main/AndroidManifest.xml:37:13-47
	android:authorities
		INJECTED from src/main/AndroidManifest.xml
		ADDED from src/main/AndroidManifest.xml:35:13-64
	android:exported
		ADDED from src/main/AndroidManifest.xml:36:13-37
	android:name
		ADDED from src/main/AndroidManifest.xml:34:13-62
manifest
ADDED from src/main/AndroidManifest.xml:2:1-49:12
INJECTED from src/main/AndroidManifest.xml:2:1-49:12
INJECTED from src/main/AndroidManifest.xml:2:1-49:12
INJECTED from src/main/AndroidManifest.xml:2:1-49:12
MERGED from [:module_test] AndroidManifest.xml:2:1-23:12
MERGED from [:lib_common] AndroidManifest.xml:2:1-15:12
MERGED from [:lib_view] AndroidManifest.xml:2:1-11:12
MERGED from [androidx.databinding:databinding-adapters:4.1.1] AndroidManifest.xml:17:1-24:12
MERGED from [androidx.databinding:databinding-runtime:4.1.1] AndroidManifest.xml:17:1-24:12
MERGED from [com.squareup.leakcanary:leakcanary-android:2.2] AndroidManifest.xml:17:1-28:12
MERGED from [:lib_log] AndroidManifest.xml:2:1-11:12
MERGED from [:lib_glide] AndroidManifest.xml:2:1-11:12
MERGED from [:lib_network] AndroidManifest.xml:2:1-11:12
MERGED from [:lib_cache] AndroidManifest.xml:2:1-12:12
MERGED from [com.squareup.leakcanary:leakcanary-android-core:2.2] AndroidManifest.xml:17:1-75:12
MERGED from [:lib_third] AndroidManifest.xml:2:1-11:12
MERGED from [:lib_utils] AndroidManifest.xml:2:1-11:12
MERGED from [androidx.core:core-ktx:1.3.2] AndroidManifest.xml:2:1-9:12
MERGED from [com.squareup.leakcanary:leakcanary-object-watcher-android-androidx:2.2] AndroidManifest.xml:2:1-7:12
MERGED from [com.squareup.leakcanary:leakcanary-object-watcher-android-support-fragments:2.2] AndroidManifest.xml:2:1-7:12
MERGED from [com.squareup.leakcanary:leakcanary-object-watcher-android:2.2] AndroidManifest.xml:2:1-14:12
MERGED from [com.github.bumptech.glide:okhttp3-integration:4.11.0] AndroidManifest.xml:2:1-16:12
MERGED from [androidx.multidex:multidex:2.0.0] AndroidManifest.xml:17:1-22:12
MERGED from [me.jessyan:autosize:1.2.0] AndroidManifest.xml:2:1-19:12
MERGED from [androidx.databinding:viewbinding:4.1.1] AndroidManifest.xml:17:1-22:12
MERGED from [com.google.android.material:material:1.2.1] AndroidManifest.xml:17:1-24:12
MERGED from [com.jeremyliao:live-event-bus-x:1.4.4] AndroidManifest.xml:2:1-11:12
MERGED from [androidx.lifecycle:lifecycle-extensions:2.2.0] AndroidManifest.xml:17:1-27:12
MERGED from [androidx.constraintlayout:constraintlayout:2.0.4] AndroidManifest.xml:2:1-11:12
MERGED from [androidx.appcompat:appcompat:1.2.0] AndroidManifest.xml:17:1-24:12
MERGED from [androidx.viewpager2:viewpager2:1.0.0] AndroidManifest.xml:17:1-24:12
MERGED from [androidx.recyclerview:recyclerview:1.1.0] AndroidManifest.xml:17:1-24:12
MERGED from [androidx.appcompat:appcompat-resources:1.2.0] AndroidManifest.xml:17:1-24:12
MERGED from [androidx.drawerlayout:drawerlayout:1.0.0] AndroidManifest.xml:17:1-22:12
MERGED from [androidx.coordinatorlayout:coordinatorlayout:1.1.0] AndroidManifest.xml:17:1-24:12
MERGED from [androidx.transition:transition:1.2.0] AndroidManifest.xml:17:1-24:12
MERGED from [com.github.bumptech.glide:glide:4.11.0] AndroidManifest.xml:2:1-12:12
MERGED from [androidx.vectordrawable:vectordrawable-animated:1.1.0] AndroidManifest.xml:17:1-24:12
MERGED from [androidx.vectordrawable:vectordrawable:1.1.0] AndroidManifest.xml:17:1-24:12
MERGED from [androidx.fragment:fragment:1.2.0] AndroidManifest.xml:17:1-24:12
MERGED from [androidx.viewpager:viewpager:1.0.0] AndroidManifest.xml:17:1-22:12
MERGED from [androidx.customview:customview:1.0.0] AndroidManifest.xml:17:1-22:12
MERGED from [androidx.loader:loader:1.0.0] AndroidManifest.xml:17:1-22:12
MERGED from [androidx.activity:activity:1.1.0] AndroidManifest.xml:17:1-24:12
MERGED from [androidx.core:core:1.3.2] AndroidManifest.xml:17:1-26:12
MERGED from [androidx.lifecycle:lifecycle-process:2.2.0] AndroidManifest.xml:17:1-32:12
MERGED from [androidx.lifecycle:lifecycle-service:2.2.0] AndroidManifest.xml:17:1-24:12
MERGED from [androidx.lifecycle:lifecycle-runtime:2.2.0] AndroidManifest.xml:17:1-24:12
MERGED from [androidx.versionedparcelable:versionedparcelable:1.1.0] AndroidManifest.xml:17:1-27:12
MERGED from [com.elvishew:xlog:1.6.1] AndroidManifest.xml:2:1-10:12
MERGED from [com.blankj:utilcode:1.24.7] AndroidManifest.xml:2:1-35:12
MERGED from [androidx.cursoradapter:cursoradapter:1.0.0] AndroidManifest.xml:17:1-22:12
MERGED from [androidx.cardview:cardview:1.0.0] AndroidManifest.xml:17:1-22:12
MERGED from [com.github.bumptech.glide:gifdecoder:4.11.0] AndroidManifest.xml:2:1-11:12
MERGED from [androidx.exifinterface:exifinterface:1.0.0] AndroidManifest.xml:17:1-22:12
MERGED from [androidx.lifecycle:lifecycle-livedata:2.2.0] AndroidManifest.xml:17:1-24:12
MERGED from [androidx.lifecycle:lifecycle-viewmodel-savedstate:1.0.0] AndroidManifest.xml:17:1-24:12
MERGED from [androidx.lifecycle:lifecycle-livedata-core:2.2.0] AndroidManifest.xml:17:1-24:12
MERGED from [androidx.arch.core:core-runtime:2.1.0] AndroidManifest.xml:17:1-24:12
MERGED from [androidx.savedstate:savedstate:1.0.0] AndroidManifest.xml:17:1-24:12
MERGED from [androidx.lifecycle:lifecycle-viewmodel:2.2.0] AndroidManifest.xml:17:1-24:12
MERGED from [androidx.interpolator:interpolator:1.0.0] AndroidManifest.xml:17:1-22:12
MERGED from [io.reactivex.rxjava2:rxandroid:2.1.1] AndroidManifest.xml:15:1-20:12
MERGED from [com.wang.avi:library:2.1.3] AndroidManifest.xml:2:1-11:12
MERGED from [androidx.annotation:annotation-experimental:1.0.0] AndroidManifest.xml:17:1-24:12
INJECTED from src/main/AndroidManifest.xml:2:1-49:12
INJECTED from src/main/AndroidManifest.xml:2:1-49:12
INJECTED from src/main/AndroidManifest.xml:2:1-49:12
	package
		ADDED from src/main/AndroidManifest.xml:5:5-30
		INJECTED from src/main/AndroidManifest.xml
		INJECTED from src/main/AndroidManifest.xml
	android:versionName
		INJECTED from src/main/AndroidManifest.xml
		ADDED from src/main/AndroidManifest.xml:2:1-49:12
		INJECTED from src/main/AndroidManifest.xml
	xmlns:tools
		ADDED from src/main/AndroidManifest.xml:3:5-51
	android:versionCode
		INJECTED from src/main/AndroidManifest.xml
		ADDED from src/main/AndroidManifest.xml:2:1-49:12
		INJECTED from src/main/AndroidManifest.xml
	xmlns:android
		ADDED from src/main/AndroidManifest.xml:2:11-69
uses-permission#android.permission.RECEIVE_BOOT_COMPLETED
ADDED from src/main/AndroidManifest.xml:8:5-81
	android:name
		ADDED from src/main/AndroidManifest.xml:8:22-78
uses-permission#android.permission.WRITE_EXTERNAL_STORAGE
ADDED from src/main/AndroidManifest.xml:9:5-81
MERGED from [com.squareup.leakcanary:leakcanary-android-core:2.2] AndroidManifest.xml:24:5-81
MERGED from [com.squareup.leakcanary:leakcanary-android-core:2.2] AndroidManifest.xml:24:5-81
	android:name
		ADDED from src/main/AndroidManifest.xml:9:22-78
uses-permission#android.permission.READ_EXTERNAL_STORAGE
ADDED from src/main/AndroidManifest.xml:10:5-80
MERGED from [com.squareup.leakcanary:leakcanary-android-core:2.2] AndroidManifest.xml:23:5-80
MERGED from [com.squareup.leakcanary:leakcanary-android-core:2.2] AndroidManifest.xml:23:5-80
	android:name
		ADDED from src/main/AndroidManifest.xml:10:22-77
uses-permission#android.permission.INTERNET
ADDED from src/main/AndroidManifest.xml:11:5-67
MERGED from [:lib_common] AndroidManifest.xml:12:5-67
MERGED from [:lib_common] AndroidManifest.xml:12:5-67
	android:name
		ADDED from src/main/AndroidManifest.xml:11:22-64
uses-permission#android.permission.VOLUME_CHANGED_ACTION
ADDED from src/main/AndroidManifest.xml:12:5-80
	android:name
		ADDED from src/main/AndroidManifest.xml:12:22-77
uses-permission#android.permission.READ_PHONE_STATE
ADDED from src/main/AndroidManifest.xml:13:5-75
	android:name
		ADDED from src/main/AndroidManifest.xml:13:22-72
uses-permission#android.permission.CAMERA
ADDED from src/main/AndroidManifest.xml:14:5-65
	android:name
		ADDED from src/main/AndroidManifest.xml:14:22-62
uses-permission#android.permission.ACCESS_WIFI_STATE
ADDED from src/main/AndroidManifest.xml:15:5-76
MERGED from [:lib_common] AndroidManifest.xml:11:5-76
MERGED from [:lib_common] AndroidManifest.xml:11:5-76
	android:name
		ADDED from src/main/AndroidManifest.xml:15:22-73
uses-permission#android.permission.ACCESS_NETWORK_STATE
ADDED from src/main/AndroidManifest.xml:16:5-79
MERGED from [:lib_common] AndroidManifest.xml:13:5-79
MERGED from [:lib_common] AndroidManifest.xml:13:5-79
	android:name
		ADDED from src/main/AndroidManifest.xml:16:22-76
uses-permission#android.permission.SYSTEM_ALERT_WINDOW
ADDED from src/main/AndroidManifest.xml:17:5-78
	android:name
		ADDED from src/main/AndroidManifest.xml:17:22-75
uses-sdk
INJECTED from src/main/AndroidManifest.xml reason: use-sdk injection requested
INJECTED from src/main/AndroidManifest.xml
INJECTED from src/main/AndroidManifest.xml
MERGED from [:module_test] AndroidManifest.xml:7:5-9:41
MERGED from [:module_test] AndroidManifest.xml:7:5-9:41
MERGED from [:lib_common] AndroidManifest.xml:7:5-9:41
MERGED from [:lib_common] AndroidManifest.xml:7:5-9:41
MERGED from [:lib_view] AndroidManifest.xml:7:5-9:41
MERGED from [:lib_view] AndroidManifest.xml:7:5-9:41
MERGED from [androidx.databinding:databinding-adapters:4.1.1] AndroidManifest.xml:22:5-44
MERGED from [androidx.databinding:databinding-adapters:4.1.1] AndroidManifest.xml:22:5-44
MERGED from [androidx.databinding:databinding-runtime:4.1.1] AndroidManifest.xml:22:5-44
MERGED from [androidx.databinding:databinding-runtime:4.1.1] AndroidManifest.xml:22:5-44
MERGED from [com.squareup.leakcanary:leakcanary-android:2.2] AndroidManifest.xml:20:5-44
MERGED from [com.squareup.leakcanary:leakcanary-android:2.2] AndroidManifest.xml:20:5-44
MERGED from [:lib_log] AndroidManifest.xml:7:5-9:41
MERGED from [:lib_log] AndroidManifest.xml:7:5-9:41
MERGED from [:lib_glide] AndroidManifest.xml:7:5-9:41
MERGED from [:lib_glide] AndroidManifest.xml:7:5-9:41
MERGED from [:lib_network] AndroidManifest.xml:7:5-9:41
MERGED from [:lib_network] AndroidManifest.xml:7:5-9:41
MERGED from [:lib_cache] AndroidManifest.xml:7:5-9:41
MERGED from [:lib_cache] AndroidManifest.xml:7:5-9:41
MERGED from [com.squareup.leakcanary:leakcanary-android-core:2.2] AndroidManifest.xml:20:5-44
MERGED from [com.squareup.leakcanary:leakcanary-android-core:2.2] AndroidManifest.xml:20:5-44
MERGED from [:lib_third] AndroidManifest.xml:7:5-9:41
MERGED from [:lib_third] AndroidManifest.xml:7:5-9:41
MERGED from [:lib_utils] AndroidManifest.xml:7:5-9:41
MERGED from [:lib_utils] AndroidManifest.xml:7:5-9:41
MERGED from [androidx.core:core-ktx:1.3.2] AndroidManifest.xml:5:5-7:41
MERGED from [androidx.core:core-ktx:1.3.2] AndroidManifest.xml:5:5-7:41
MERGED from [com.squareup.leakcanary:leakcanary-object-watcher-android-androidx:2.2] AndroidManifest.xml:5:5-44
MERGED from [com.squareup.leakcanary:leakcanary-object-watcher-android-androidx:2.2] AndroidManifest.xml:5:5-44
MERGED from [com.squareup.leakcanary:leakcanary-object-watcher-android-support-fragments:2.2] AndroidManifest.xml:5:5-44
MERGED from [com.squareup.leakcanary:leakcanary-object-watcher-android-support-fragments:2.2] AndroidManifest.xml:5:5-44
MERGED from [com.squareup.leakcanary:leakcanary-object-watcher-android:2.2] AndroidManifest.xml:5:5-44
MERGED from [com.squareup.leakcanary:leakcanary-object-watcher-android:2.2] AndroidManifest.xml:5:5-44
MERGED from [com.github.bumptech.glide:okhttp3-integration:4.11.0] AndroidManifest.xml:6:5-8:41
MERGED from [com.github.bumptech.glide:okhttp3-integration:4.11.0] AndroidManifest.xml:6:5-8:41
MERGED from [androidx.multidex:multidex:2.0.0] AndroidManifest.xml:20:5-43
MERGED from [androidx.multidex:multidex:2.0.0] AndroidManifest.xml:20:5-43
MERGED from [me.jessyan:autosize:1.2.0] AndroidManifest.xml:7:5-9:41
MERGED from [me.jessyan:autosize:1.2.0] AndroidManifest.xml:7:5-9:41
MERGED from [androidx.databinding:viewbinding:4.1.1] AndroidManifest.xml:20:5-44
MERGED from [androidx.databinding:viewbinding:4.1.1] AndroidManifest.xml:20:5-44
MERGED from [com.google.android.material:material:1.2.1] AndroidManifest.xml:20:5-44
MERGED from [com.google.android.material:material:1.2.1] AndroidManifest.xml:20:5-44
MERGED from [com.jeremyliao:live-event-bus-x:1.4.4] AndroidManifest.xml:7:5-9:41
MERGED from [com.jeremyliao:live-event-bus-x:1.4.4] AndroidManifest.xml:7:5-9:41
MERGED from [androidx.lifecycle:lifecycle-extensions:2.2.0] AndroidManifest.xml:20:5-22:41
MERGED from [androidx.lifecycle:lifecycle-extensions:2.2.0] AndroidManifest.xml:20:5-22:41
MERGED from [androidx.constraintlayout:constraintlayout:2.0.4] AndroidManifest.xml:5:5-7:41
MERGED from [androidx.constraintlayout:constraintlayout:2.0.4] AndroidManifest.xml:5:5-7:41
MERGED from [androidx.appcompat:appcompat:1.2.0] AndroidManifest.xml:20:5-22:41
MERGED from [androidx.appcompat:appcompat:1.2.0] AndroidManifest.xml:20:5-22:41
MERGED from [androidx.viewpager2:viewpager2:1.0.0] AndroidManifest.xml:20:5-22:41
MERGED from [androidx.viewpager2:viewpager2:1.0.0] AndroidManifest.xml:20:5-22:41
MERGED from [androidx.recyclerview:recyclerview:1.1.0] AndroidManifest.xml:20:5-22:41
MERGED from [androidx.recyclerview:recyclerview:1.1.0] AndroidManifest.xml:20:5-22:41
MERGED from [androidx.appcompat:appcompat-resources:1.2.0] AndroidManifest.xml:20:5-22:41
MERGED from [androidx.appcompat:appcompat-resources:1.2.0] AndroidManifest.xml:20:5-22:41
MERGED from [androidx.drawerlayout:drawerlayout:1.0.0] AndroidManifest.xml:20:5-44
MERGED from [androidx.drawerlayout:drawerlayout:1.0.0] AndroidManifest.xml:20:5-44
MERGED from [androidx.coordinatorlayout:coordinatorlayout:1.1.0] AndroidManifest.xml:20:5-22:41
MERGED from [androidx.coordinatorlayout:coordinatorlayout:1.1.0] AndroidManifest.xml:20:5-22:41
MERGED from [androidx.transition:transition:1.2.0] AndroidManifest.xml:20:5-22:41
MERGED from [androidx.transition:transition:1.2.0] AndroidManifest.xml:20:5-22:41
MERGED from [com.github.bumptech.glide:glide:4.11.0] AndroidManifest.xml:6:5-8:41
MERGED from [com.github.bumptech.glide:glide:4.11.0] AndroidManifest.xml:6:5-8:41
MERGED from [androidx.vectordrawable:vectordrawable-animated:1.1.0] AndroidManifest.xml:20:5-22:41
MERGED from [androidx.vectordrawable:vectordrawable-animated:1.1.0] AndroidManifest.xml:20:5-22:41
MERGED from [androidx.vectordrawable:vectordrawable:1.1.0] AndroidManifest.xml:20:5-22:41
MERGED from [androidx.vectordrawable:vectordrawable:1.1.0] AndroidManifest.xml:20:5-22:41
MERGED from [androidx.fragment:fragment:1.2.0] AndroidManifest.xml:20:5-22:41
MERGED from [androidx.fragment:fragment:1.2.0] AndroidManifest.xml:20:5-22:41
MERGED from [androidx.viewpager:viewpager:1.0.0] AndroidManifest.xml:20:5-44
MERGED from [androidx.viewpager:viewpager:1.0.0] AndroidManifest.xml:20:5-44
MERGED from [androidx.customview:customview:1.0.0] AndroidManifest.xml:20:5-44
MERGED from [androidx.customview:customview:1.0.0] AndroidManifest.xml:20:5-44
MERGED from [androidx.loader:loader:1.0.0] AndroidManifest.xml:20:5-44
MERGED from [androidx.loader:loader:1.0.0] AndroidManifest.xml:20:5-44
MERGED from [androidx.activity:activity:1.1.0] AndroidManifest.xml:20:5-22:41
MERGED from [androidx.activity:activity:1.1.0] AndroidManifest.xml:20:5-22:41
MERGED from [androidx.core:core:1.3.2] AndroidManifest.xml:20:5-22:41
MERGED from [androidx.core:core:1.3.2] AndroidManifest.xml:20:5-22:41
MERGED from [androidx.lifecycle:lifecycle-process:2.2.0] AndroidManifest.xml:20:5-22:41
MERGED from [androidx.lifecycle:lifecycle-process:2.2.0] AndroidManifest.xml:20:5-22:41
MERGED from [androidx.lifecycle:lifecycle-service:2.2.0] AndroidManifest.xml:20:5-22:41
MERGED from [androidx.lifecycle:lifecycle-service:2.2.0] AndroidManifest.xml:20:5-22:41
MERGED from [androidx.lifecycle:lifecycle-runtime:2.2.0] AndroidManifest.xml:20:5-22:41
MERGED from [androidx.lifecycle:lifecycle-runtime:2.2.0] AndroidManifest.xml:20:5-22:41
MERGED from [androidx.versionedparcelable:versionedparcelable:1.1.0] AndroidManifest.xml:20:5-22:41
MERGED from [androidx.versionedparcelable:versionedparcelable:1.1.0] AndroidManifest.xml:20:5-22:41
MERGED from [com.elvishew:xlog:1.6.1] AndroidManifest.xml:6:5-8:41
MERGED from [com.elvishew:xlog:1.6.1] AndroidManifest.xml:6:5-8:41
MERGED from [com.blankj:utilcode:1.24.7] AndroidManifest.xml:7:5-44
MERGED from [com.blankj:utilcode:1.24.7] AndroidManifest.xml:7:5-44
MERGED from [androidx.cursoradapter:cursoradapter:1.0.0] AndroidManifest.xml:20:5-44
MERGED from [androidx.cursoradapter:cursoradapter:1.0.0] AndroidManifest.xml:20:5-44
MERGED from [androidx.cardview:cardview:1.0.0] AndroidManifest.xml:20:5-44
MERGED from [androidx.cardview:cardview:1.0.0] AndroidManifest.xml:20:5-44
MERGED from [com.github.bumptech.glide:gifdecoder:4.11.0] AndroidManifest.xml:5:5-7:41
MERGED from [com.github.bumptech.glide:gifdecoder:4.11.0] AndroidManifest.xml:5:5-7:41
MERGED from [androidx.exifinterface:exifinterface:1.0.0] AndroidManifest.xml:20:5-44
MERGED from [androidx.exifinterface:exifinterface:1.0.0] AndroidManifest.xml:20:5-44
MERGED from [androidx.lifecycle:lifecycle-livedata:2.2.0] AndroidManifest.xml:20:5-22:41
MERGED from [androidx.lifecycle:lifecycle-livedata:2.2.0] AndroidManifest.xml:20:5-22:41
MERGED from [androidx.lifecycle:lifecycle-viewmodel-savedstate:1.0.0] AndroidManifest.xml:20:5-22:41
MERGED from [androidx.lifecycle:lifecycle-viewmodel-savedstate:1.0.0] AndroidManifest.xml:20:5-22:41
MERGED from [androidx.lifecycle:lifecycle-livedata-core:2.2.0] AndroidManifest.xml:20:5-22:41
MERGED from [androidx.lifecycle:lifecycle-livedata-core:2.2.0] AndroidManifest.xml:20:5-22:41
MERGED from [androidx.arch.core:core-runtime:2.1.0] AndroidManifest.xml:20:5-22:41
MERGED from [androidx.arch.core:core-runtime:2.1.0] AndroidManifest.xml:20:5-22:41
MERGED from [androidx.savedstate:savedstate:1.0.0] AndroidManifest.xml:20:5-22:41
MERGED from [androidx.savedstate:savedstate:1.0.0] AndroidManifest.xml:20:5-22:41
MERGED from [androidx.lifecycle:lifecycle-viewmodel:2.2.0] AndroidManifest.xml:20:5-22:41
MERGED from [androidx.lifecycle:lifecycle-viewmodel:2.2.0] AndroidManifest.xml:20:5-22:41
MERGED from [androidx.interpolator:interpolator:1.0.0] AndroidManifest.xml:20:5-44
MERGED from [androidx.interpolator:interpolator:1.0.0] AndroidManifest.xml:20:5-44
MERGED from [io.reactivex.rxjava2:rxandroid:2.1.1] AndroidManifest.xml:18:5-43
MERGED from [io.reactivex.rxjava2:rxandroid:2.1.1] AndroidManifest.xml:18:5-43
MERGED from [com.wang.avi:library:2.1.3] AndroidManifest.xml:7:5-9:41
MERGED from [com.wang.avi:library:2.1.3] AndroidManifest.xml:7:5-9:41
MERGED from [androidx.annotation:annotation-experimental:1.0.0] AndroidManifest.xml:20:5-22:41
MERGED from [androidx.annotation:annotation-experimental:1.0.0] AndroidManifest.xml:20:5-22:41
INJECTED from src/main/AndroidManifest.xml
INJECTED from src/main/AndroidManifest.xml
	android:targetSdkVersion
		INJECTED from src/main/AndroidManifest.xml
		ADDED from src/main/AndroidManifest.xml
		INJECTED from src/main/AndroidManifest.xml
	android:minSdkVersion
		INJECTED from src/main/AndroidManifest.xml
		ADDED from src/main/AndroidManifest.xml
		INJECTED from src/main/AndroidManifest.xml
meta-data#android.support.FILE_PROVIDER_PATHS
ADDED from src/main/AndroidManifest.xml:38:13-40:58
	android:resource
		ADDED from src/main/AndroidManifest.xml:40:17-55
	android:name
		ADDED from src/main/AndroidManifest.xml:39:17-67
activity#com.pcyfox.MainActivity
ADDED from [:module_test] AndroidManifest.xml:12:9-20:20
	android:name
		ADDED from [:module_test] AndroidManifest.xml:12:19-57
intent-filter#action:name:android.intent.action.MAIN+category:name:android.intent.category.DEFAULT+category:name:android.intent.category.LAUNCHER+category:name:android.intent.category.LEANBACK_LAUNCHER
ADDED from [:module_test] AndroidManifest.xml:13:13-19:29
action#android.intent.action.MAIN
ADDED from [:module_test] AndroidManifest.xml:14:17-69
	android:name
		ADDED from [:module_test] AndroidManifest.xml:14:25-66
category#android.intent.category.DEFAULT
ADDED from [:module_test] AndroidManifest.xml:16:17-76
	android:name
		ADDED from [:module_test] AndroidManifest.xml:16:27-73
category#android.intent.category.LAUNCHER
ADDED from [:module_test] AndroidManifest.xml:17:17-77
	android:name
		ADDED from [:module_test] AndroidManifest.xml:17:27-74
category#android.intent.category.LEANBACK_LAUNCHER
ADDED from [:module_test] AndroidManifest.xml:18:17-86
	android:name
		ADDED from [:module_test] AndroidManifest.xml:18:27-83
service#leakcanary.internal.HeapAnalyzerService
ADDED from [com.squareup.leakcanary:leakcanary-android:2.2] AndroidManifest.xml:23:9-25:40
	android:exported
		ADDED from [com.squareup.leakcanary:leakcanary-android:2.2] AndroidManifest.xml:25:13-37
	android:name
		ADDED from [com.squareup.leakcanary:leakcanary-android:2.2] AndroidManifest.xml:24:13-67
uses-permission#android.permission.FOREGROUND_SERVICE
ADDED from [com.squareup.leakcanary:leakcanary-android-core:2.2] AndroidManifest.xml:26:5-77
	android:name
		ADDED from [com.squareup.leakcanary:leakcanary-android-core:2.2] AndroidManifest.xml:26:22-74
provider#leakcanary.internal.LeakCanaryFileProvider
ADDED from [com.squareup.leakcanary:leakcanary-android-core:2.2] AndroidManifest.xml:29:9-37:20
	android:grantUriPermissions
		ADDED from [com.squareup.leakcanary:leakcanary-android-core:2.2] AndroidManifest.xml:33:13-47
	android:authorities
		ADDED from [com.squareup.leakcanary:leakcanary-android-core:2.2] AndroidManifest.xml:31:13-88
	android:exported
		ADDED from [com.squareup.leakcanary:leakcanary-android-core:2.2] AndroidManifest.xml:32:13-37
	android:name
		ADDED from [com.squareup.leakcanary:leakcanary-android-core:2.2] AndroidManifest.xml:30:13-70
activity#leakcanary.internal.activity.LeakActivity
ADDED from [com.squareup.leakcanary:leakcanary-android-core:2.2] AndroidManifest.xml:39:9-44:66
	android:label
		ADDED from [com.squareup.leakcanary:leakcanary-android-core:2.2] AndroidManifest.xml:42:13-71
	android:icon
		ADDED from [com.squareup.leakcanary:leakcanary-android-core:2.2] AndroidManifest.xml:41:13-52
	android:theme
		ADDED from [com.squareup.leakcanary:leakcanary-android-core:2.2] AndroidManifest.xml:44:13-63
	android:taskAffinity
		ADDED from [com.squareup.leakcanary:leakcanary-android-core:2.2] AndroidManifest.xml:43:13-76
	android:name
		ADDED from [com.squareup.leakcanary:leakcanary-android-core:2.2] AndroidManifest.xml:40:13-69
activity-alias#leakcanary.internal.activity.LeakLauncherActivity
ADDED from [com.squareup.leakcanary:leakcanary-android-core:2.2] AndroidManifest.xml:46:9-62:26
	android:enabled
		ADDED from [com.squareup.leakcanary:leakcanary-android-core:2.2] AndroidManifest.xml:49:13-66
	android:label
		ADDED from [com.squareup.leakcanary:leakcanary-android-core:2.2] AndroidManifest.xml:51:13-71
	android:targetActivity
		ADDED from [com.squareup.leakcanary:leakcanary-android-core:2.2] AndroidManifest.xml:52:13-79
	android:icon
		ADDED from [com.squareup.leakcanary:leakcanary-android-core:2.2] AndroidManifest.xml:50:13-52
	android:banner
		ADDED from [com.squareup.leakcanary:leakcanary-android-core:2.2] AndroidManifest.xml:48:13-59
	android:theme
		ADDED from [com.squareup.leakcanary:leakcanary-android-core:2.2] AndroidManifest.xml:54:13-63
	android:taskAffinity
		ADDED from [com.squareup.leakcanary:leakcanary-android-core:2.2] AndroidManifest.xml:53:13-76
	android:name
		ADDED from [com.squareup.leakcanary:leakcanary-android-core:2.2] AndroidManifest.xml:47:13-77
intent-filter#action:name:android.intent.action.MAIN+category:name:android.intent.category.LAUNCHER+category:name:android.intent.category.LEANBACK_LAUNCHER
ADDED from [com.squareup.leakcanary:leakcanary-android-core:2.2] AndroidManifest.xml:55:13-61:29
activity#leakcanary.internal.RequestStoragePermissionActivity
ADDED from [com.squareup.leakcanary:leakcanary-android-core:2.2] AndroidManifest.xml:64:9-70:68
	android:label
		ADDED from [com.squareup.leakcanary:leakcanary-android-core:2.2] AndroidManifest.xml:68:13-82
	android:excludeFromRecents
		ADDED from [com.squareup.leakcanary:leakcanary-android-core:2.2] AndroidManifest.xml:66:13-46
	android:icon
		ADDED from [com.squareup.leakcanary:leakcanary-android-core:2.2] AndroidManifest.xml:67:13-52
	android:theme
		ADDED from [com.squareup.leakcanary:leakcanary-android-core:2.2] AndroidManifest.xml:70:13-65
	android:taskAffinity
		ADDED from [com.squareup.leakcanary:leakcanary-android-core:2.2] AndroidManifest.xml:69:13-76
	android:name
		ADDED from [com.squareup.leakcanary:leakcanary-android-core:2.2] AndroidManifest.xml:65:13-80
receiver#leakcanary.internal.NotificationReceiver
ADDED from [com.squareup.leakcanary:leakcanary-android-core:2.2] AndroidManifest.xml:72:9-77
	android:name
		ADDED from [com.squareup.leakcanary:leakcanary-android-core:2.2] AndroidManifest.xml:72:19-74
provider#leakcanary.internal.AppWatcherInstaller$MainProcess
ADDED from [com.squareup.leakcanary:leakcanary-object-watcher-android:2.2] AndroidManifest.xml:8:9-11:40
	android:authorities
		ADDED from [com.squareup.leakcanary:leakcanary-object-watcher-android:2.2] AndroidManifest.xml:10:13-72
	android:exported
		ADDED from [com.squareup.leakcanary:leakcanary-object-watcher-android:2.2] AndroidManifest.xml:11:13-37
	android:name
		ADDED from [com.squareup.leakcanary:leakcanary-object-watcher-android:2.2] AndroidManifest.xml:9:13-79
meta-data#com.bumptech.glide.integration.okhttp3.OkHttpGlideModule
ADDED from [com.github.bumptech.glide:okhttp3-integration:4.11.0] AndroidManifest.xml:11:9-13:43
	android:value
		ADDED from [com.github.bumptech.glide:okhttp3-integration:4.11.0] AndroidManifest.xml:13:13-40
	android:name
		ADDED from [com.github.bumptech.glide:okhttp3-integration:4.11.0] AndroidManifest.xml:12:13-84
provider#me.jessyan.autosize.InitProvider
ADDED from [me.jessyan:autosize:1.2.0] AndroidManifest.xml:12:9-16:43
	android:authorities
		ADDED from [me.jessyan:autosize:1.2.0] AndroidManifest.xml:14:13-74
	android:multiprocess
		ADDED from [me.jessyan:autosize:1.2.0] AndroidManifest.xml:16:13-40
	android:exported
		ADDED from [me.jessyan:autosize:1.2.0] AndroidManifest.xml:15:13-37
	android:name
		ADDED from [me.jessyan:autosize:1.2.0] AndroidManifest.xml:13:13-60